<?xml version="1.0" encoding="UTF-8"?>
<!-- Generated by org.testng.reporters.JUnitReportReporter -->
<testsuite hostname="DESKTOP-MPAB7OL" failures="0" tests="4" name="com.lbrce.cseb.UserValidationTest" time="0.036" errors="0" timestamp="2023-11-04T09:47:34 IST" skipped="0">
  <testcase classname="com.lbrce.cseb.UserValidationTest" name="testCase3" time="0.001"/>
  <testcase classname="com.lbrce.cseb.UserValidationTest" name="testCase1" time="0.033"/>
  <testcase classname="com.lbrce.cseb.UserValidationTest" name="testCase5" time="0.001"/>
  <testcase classname="com.lbrce.cseb.UserValidationTest" name="testCase2" time="0.001"/>
</testsuite> <!-- com.lbrce.cseb.UserValidationTest -->
